time="2023-09-02T04:58:25-07:00" level=info msg="Это запись данных в лог-файл с использованием Logrus"
time="2023-09-02T04:58:25-07:00" level=warning msg="Это предупреждение в лог-файле с использованием Logrus"
time="2023-09-02T05:02:54-07:00" level=info msg="Это мы запустили бота или перезапустили =) "
time="2023-09-02T05:03:01-07:00" level=info msg="Такое сообщение нам прислалиК"
time="2023-09-02T05:03:05-07:00" level=info msg="Такое сообщение нам прислалиСтоп"
time="2023-09-02T05:03:10-07:00" level=info msg="Такое сообщение нам прислалиА я пишу"
time="2023-09-02T05:03:11-07:00" level=info msg="Такое сообщение нам прислалийоу"
time="2023-09-02T05:04:37-07:00" level=info msg="Это мы запустили бота или перезапустили =) "
time="2023-09-02T05:04:41-07:00" level=info msg="Такое сообщение нам прислали: Еще тестНик пользователя: vakaram_No1"
time="2023-09-02T05:04:45-07:00" level=info msg="Такое сообщение нам прислали: вообще логируем всеНик пользователя: vakaram_No1"
time="2023-09-02T05:04:46-07:00" level=info msg="Такое сообщение нам прислали: уряНик пользователя: vakaram_No1"
time="2023-09-02T05:06:15-07:00" level=info msg="Это мы запустили бота или перезапустили =) "
time="2023-09-02T05:06:18-07:00" level=info msg="Такое сообщение нам прислали: тест 2324 23 324 234 Ник пользователя: vakaram_No1"
time="2023-09-02T05:08:42-07:00" level=info msg="Это мы запустили бота или перезапустили =) "
time="2023-09-02T05:08:45-07:00" level=info msg="Такое сообщение нам прислали: \"ntcn\" Ник пользователя: vakaram_No1"
time="2023-09-02T05:08:46-07:00" level=info msg="Такое сообщение нам прислали: \"asdasd\" Ник пользователя: vakaram_No1"
time="2023-09-02T05:09:47-07:00" level=info msg="Это мы запустили бота или перезапустили =) "
time="2023-09-02T05:09:52-07:00" level=info msg="Это мы запустили бота или перезапустили =) "
time="2023-09-02T05:09:58-07:00" level=info msg="Такое сообщение нам прислали: 'еще тест'  Ник пользователя: vakaram_No1"
time="2023-09-02T05:12:26-07:00" level=info msg="Это мы запустили бота или перезапустили =) "
time="2023-09-02T05:12:32-07:00" level=info msg="Такое сообщение нам прислали: 'еще тест =)'  Nick: vakaram_No1 ID : 1484570227"
